<?xml version="1.0" encoding="UTF-8"?>
<!-- Generated by org.testng.reporters.JUnitXMLReporter -->
<testsuite ignored="0" hostname="Eiichis-MacBook-Pro.local" failures="6" tests="6" name="ChromeTest" time="16.436" errors="0" timestamp="2023-07-05T15:02:46 JST">
  <testcase classname="testCase.TC_002_LoginTest" name="test_login" time="5.696">
    <failure type="java.lang.AssertionError" message="null">
      <![CDATA[java.lang.AssertionError: null
at testCase.TC_002_LoginTest.test_login(TC_002_LoginTest.java:27)
at java.base/java.util.ArrayList.forEach(ArrayList.java:1511)
... Removed 31 stack frames]]>
    </failure>
  </testcase> <!-- test_login -->
  <testcase classname="testCase.TC_003_LoginDDT" name="test_loginDDT" time="0.504">
    <failure type="java.lang.AssertionError" message="null">
      <![CDATA[java.lang.AssertionError: null
at testCase.TC_003_LoginDDT.test_loginDDT(TC_003_LoginDDT.java:48)
at java.base/java.util.ArrayList.forEach(ArrayList.java:1511)
... Removed 31 stack frames]]>
    </failure>
  </testcase> <!-- test_loginDDT -->
  <testcase classname="testCase.TC_003_LoginDDT" name="test_loginDDT" time="0.435">
    <failure type="java.lang.AssertionError" message="null">
      <![CDATA[java.lang.AssertionError: null
at testCase.TC_003_LoginDDT.test_loginDDT(TC_003_LoginDDT.java:48)
at java.base/java.util.ArrayList.forEach(ArrayList.java:1511)
... Removed 31 stack frames]]>
    </failure>
  </testcase> <!-- test_loginDDT -->
  <testcase classname="testCase.TC_003_LoginDDT" name="test_loginDDT" time="0.41">
    <failure type="java.lang.AssertionError" message="null">
      <![CDATA[java.lang.AssertionError: null
at testCase.TC_003_LoginDDT.test_loginDDT(TC_003_LoginDDT.java:48)
at java.base/java.util.ArrayList.forEach(ArrayList.java:1511)
... Removed 31 stack frames]]>
    </failure>
  </testcase> <!-- test_loginDDT -->
  <testcase classname="testCase.TC_003_LoginDDT" name="test_loginDDT" time="0.422">
    <failure type="java.lang.AssertionError" message="null">
      <![CDATA[java.lang.AssertionError: null
at testCase.TC_003_LoginDDT.test_loginDDT(TC_003_LoginDDT.java:48)
at java.base/java.util.ArrayList.forEach(ArrayList.java:1511)
... Removed 31 stack frames]]>
    </failure>
  </testcase> <!-- test_loginDDT -->
  <testcase classname="testCase.TC_003_LoginDDT" name="test_loginDDT" time="0.413">
    <failure type="java.lang.AssertionError" message="null">
      <![CDATA[java.lang.AssertionError: null
at testCase.TC_003_LoginDDT.test_loginDDT(TC_003_LoginDDT.java:48)
at java.base/java.util.ArrayList.forEach(ArrayList.java:1511)
... Removed 31 stack frames]]>
    </failure>
  </testcase> <!-- test_loginDDT -->
</testsuite> <!-- ChromeTest -->
